=== handled error ===
Occured when: ResourceFetcher.Download classic jar
System.Net.WebException: The remote server returned an error: (404) Not Found.
   at System.Net.HttpWebRequest.GetResponse()
   at ClassicalSharp.Network.AsyncDownloader.ProcessRequest(Request request) in C:\Users\Dell\Desktop\Sebastian\C-sharp\ClassicalSharp-Survival\ClassicalSharp\Network\Utils\AsyncDownloader.cs:line 236

=== handled error ===
Occured when: ResourceFetcher.Download classic jar
System.Net.WebException: The remote server returned an error: (404) Not Found.
   at System.Net.HttpWebRequest.GetResponse()
   at ClassicalSharp.Network.AsyncDownloader.ProcessRequest(Request request) in C:\Users\Dell\Desktop\Sebastian\C-sharp\ClassicalSharp-Survival\ClassicalSharp\Network\Utils\AsyncDownloader.cs:line 236

=== handled error ===
Occured when: ResourceFetcher.Download classic jar
System.Net.WebException: The underlying connection was closed: An unexpected error occurred on a send.
   at System.Net.HttpWebRequest.GetResponse()
   at ClassicalSharp.Network.AsyncDownloader.ProcessRequest(Request request) in C:\Users\Dell\Desktop\Sebastian\C-sharp\ClassicalSharp-Survival\ClassicalSharp\Network\Utils\AsyncDownloader.cs:line 236
System.IO.IOException: Received an unexpected EOF or 0 bytes from the transport stream.
   at System.Net.FixedSizeReader.ReadPacket(Byte[] buffer, Int32 offset, Int32 count)
   at System.Net.Security.SslState.StartReadFrame(Byte[] buffer, Int32 readBytes, AsyncProtocolRequest asyncRequest)
   at System.Net.Security.SslState.StartReceiveBlob(Byte[] buffer, AsyncProtocolRequest asyncRequest)
   at System.Net.Security.SslState.CheckCompletionBeforeNextReceive(ProtocolToken message, AsyncProtocolRequest asyncRequest)
   at System.Net.Security.SslState.StartSendBlob(Byte[] incoming, Int32 count, AsyncProtocolRequest asyncRequest)
   at System.Net.Security.SslState.ForceAuthentication(Boolean receiveFirst, Byte[] buffer, AsyncProtocolRequest asyncRequest)
   at System.Net.Security.SslState.ProcessAuthentication(LazyAsyncResult lazyResult)
   at System.Net.TlsStream.CallProcessAuthentication(Object state)
   at System.Threading.ExecutionContext.Run(ExecutionContext executionContext, ContextCallback callback, Object state)
   at System.Net.TlsStream.ProcessAuthentication(LazyAsyncResult result)
   at System.Net.TlsStream.Write(Byte[] buffer, Int32 offset, Int32 size)
   at System.Net.PooledStream.Write(Byte[] buffer, Int32 offset, Int32 size)
   at System.Net.ConnectStream.WriteHeaders(Boolean async)

=== handled error ===
Occured when: ResourceFetcher.Download classic jar
System.Net.WebException: The underlying connection was closed: An unexpected error occurred on a send.
   at System.Net.HttpWebRequest.GetResponse()
   at ClassicalSharp.Network.AsyncDownloader.ProcessRequest(Request request) in C:\Users\Dell\Desktop\Sebastian\C-sharp\ClassicalSharp-Survival\ClassicalSharp\Network\Utils\AsyncDownloader.cs:line 236
System.IO.IOException: Received an unexpected EOF or 0 bytes from the transport stream.
   at System.Net.FixedSizeReader.ReadPacket(Byte[] buffer, Int32 offset, Int32 count)
   at System.Net.Security.SslState.StartReadFrame(Byte[] buffer, Int32 readBytes, AsyncProtocolRequest asyncRequest)
   at System.Net.Security.SslState.StartReceiveBlob(Byte[] buffer, AsyncProtocolRequest asyncRequest)
   at System.Net.Security.SslState.CheckCompletionBeforeNextReceive(ProtocolToken message, AsyncProtocolRequest asyncRequest)
   at System.Net.Security.SslState.StartSendBlob(Byte[] incoming, Int32 count, AsyncProtocolRequest asyncRequest)
   at System.Net.Security.SslState.ForceAuthentication(Boolean receiveFirst, Byte[] buffer, AsyncProtocolRequest asyncRequest)
   at System.Net.Security.SslState.ProcessAuthentication(LazyAsyncResult lazyResult)
   at System.Net.TlsStream.CallProcessAuthentication(Object state)
   at System.Threading.ExecutionContext.Run(ExecutionContext executionContext, ContextCallback callback, Object state)
   at System.Net.TlsStream.ProcessAuthentication(LazyAsyncResult result)
   at System.Net.TlsStream.Write(Byte[] buffer, Int32 offset, Int32 size)
   at System.Net.PooledStream.Write(Byte[] buffer, Int32 offset, Int32 size)
   at System.Net.ConnectStream.WriteHeaders(Boolean async)

=== handled error ===
Occured when: ResourceFetcher.Download classic jar
System.Net.WebException: The underlying connection was closed: An unexpected error occurred on a send.
   at System.Net.HttpWebRequest.GetResponse()
   at ClassicalSharp.Network.AsyncDownloader.ProcessRequest(Request request) in C:\Users\Dell\Desktop\Sebastian\C-sharp\ClassicalSharp-Survival\ClassicalSharp\Network\Utils\AsyncDownloader.cs:line 236
System.IO.IOException: Received an unexpected EOF or 0 bytes from the transport stream.
   at System.Net.FixedSizeReader.ReadPacket(Byte[] buffer, Int32 offset, Int32 count)
   at System.Net.Security.SslState.StartReadFrame(Byte[] buffer, Int32 readBytes, AsyncProtocolRequest asyncRequest)
   at System.Net.Security.SslState.StartReceiveBlob(Byte[] buffer, AsyncProtocolRequest asyncRequest)
   at System.Net.Security.SslState.CheckCompletionBeforeNextReceive(ProtocolToken message, AsyncProtocolRequest asyncRequest)
   at System.Net.Security.SslState.StartSendBlob(Byte[] incoming, Int32 count, AsyncProtocolRequest asyncRequest)
   at System.Net.Security.SslState.ForceAuthentication(Boolean receiveFirst, Byte[] buffer, AsyncProtocolRequest asyncRequest)
   at System.Net.Security.SslState.ProcessAuthentication(LazyAsyncResult lazyResult)
   at System.Net.TlsStream.CallProcessAuthentication(Object state)
   at System.Threading.ExecutionContext.Run(ExecutionContext executionContext, ContextCallback callback, Object state)
   at System.Net.TlsStream.ProcessAuthentication(LazyAsyncResult result)
   at System.Net.TlsStream.Write(Byte[] buffer, Int32 offset, Int32 size)
   at System.Net.PooledStream.Write(Byte[] buffer, Int32 offset, Int32 size)
   at System.Net.ConnectStream.WriteHeaders(Boolean async)

=== handled error ===
Occured when: ResourceFetcher.Download classic jar
System.Net.WebException: The underlying connection was closed: An unexpected error occurred on a send.
   at System.Net.HttpWebRequest.GetResponse()
   at ClassicalSharp.Network.AsyncDownloader.ProcessRequest(Request request) in C:\Users\Dell\Desktop\Sebastian\C-sharp\ClassicalSharp-Survival\ClassicalSharp\Network\Utils\AsyncDownloader.cs:line 236
System.IO.IOException: Received an unexpected EOF or 0 bytes from the transport stream.
   at System.Net.FixedSizeReader.ReadPacket(Byte[] buffer, Int32 offset, Int32 count)
   at System.Net.Security.SslState.StartReadFrame(Byte[] buffer, Int32 readBytes, AsyncProtocolRequest asyncRequest)
   at System.Net.Security.SslState.StartReceiveBlob(Byte[] buffer, AsyncProtocolRequest asyncRequest)
   at System.Net.Security.SslState.CheckCompletionBeforeNextReceive(ProtocolToken message, AsyncProtocolRequest asyncRequest)
   at System.Net.Security.SslState.StartSendBlob(Byte[] incoming, Int32 count, AsyncProtocolRequest asyncRequest)
   at System.Net.Security.SslState.ForceAuthentication(Boolean receiveFirst, Byte[] buffer, AsyncProtocolRequest asyncRequest)
   at System.Net.Security.SslState.ProcessAuthentication(LazyAsyncResult lazyResult)
   at System.Net.TlsStream.CallProcessAuthentication(Object state)
   at System.Threading.ExecutionContext.Run(ExecutionContext executionContext, ContextCallback callback, Object state)
   at System.Net.TlsStream.ProcessAuthentication(LazyAsyncResult result)
   at System.Net.TlsStream.Write(Byte[] buffer, Int32 offset, Int32 size)
   at System.Net.PooledStream.Write(Byte[] buffer, Int32 offset, Int32 size)
   at System.Net.ConnectStream.WriteHeaders(Boolean async)

=== handled error ===
Occured when: ResourceFetcher.Download classic jar
System.Net.WebException: The underlying connection was closed: An unexpected error occurred on a send.
   at System.Net.HttpWebRequest.GetResponse()
   at ClassicalSharp.Network.AsyncDownloader.ProcessRequest(Request request) in C:\Users\Dell\Desktop\Sebastian\C-sharp\ClassicalSharp-Survival\ClassicalSharp\Network\Utils\AsyncDownloader.cs:line 236
System.IO.IOException: Received an unexpected EOF or 0 bytes from the transport stream.
   at System.Net.FixedSizeReader.ReadPacket(Byte[] buffer, Int32 offset, Int32 count)
   at System.Net.Security.SslState.StartReadFrame(Byte[] buffer, Int32 readBytes, AsyncProtocolRequest asyncRequest)
   at System.Net.Security.SslState.StartReceiveBlob(Byte[] buffer, AsyncProtocolRequest asyncRequest)
   at System.Net.Security.SslState.CheckCompletionBeforeNextReceive(ProtocolToken message, AsyncProtocolRequest asyncRequest)
   at System.Net.Security.SslState.StartSendBlob(Byte[] incoming, Int32 count, AsyncProtocolRequest asyncRequest)
   at System.Net.Security.SslState.ForceAuthentication(Boolean receiveFirst, Byte[] buffer, AsyncProtocolRequest asyncRequest)
   at System.Net.Security.SslState.ProcessAuthentication(LazyAsyncResult lazyResult)
   at System.Net.TlsStream.CallProcessAuthentication(Object state)
   at System.Threading.ExecutionContext.Run(ExecutionContext executionContext, ContextCallback callback, Object state)
   at System.Net.TlsStream.ProcessAuthentication(LazyAsyncResult result)
   at System.Net.TlsStream.Write(Byte[] buffer, Int32 offset, Int32 size)
   at System.Net.PooledStream.Write(Byte[] buffer, Int32 offset, Int32 size)
   at System.Net.ConnectStream.WriteHeaders(Boolean async)

=== handled error ===
Occured when: ResourceFetcher.Download classic jar
System.Net.WebException: The underlying connection was closed: An unexpected error occurred on a send.
   at System.Net.HttpWebRequest.GetResponse()
   at ClassicalSharp.Network.AsyncDownloader.ProcessRequest(Request request) in C:\Users\Dell\Desktop\Sebastian\C-sharp\ClassicalSharp-Survival\ClassicalSharp\Network\Utils\AsyncDownloader.cs:line 236
System.IO.IOException: Received an unexpected EOF or 0 bytes from the transport stream.
   at System.Net.FixedSizeReader.ReadPacket(Byte[] buffer, Int32 offset, Int32 count)
   at System.Net.Security.SslState.StartReadFrame(Byte[] buffer, Int32 readBytes, AsyncProtocolRequest asyncRequest)
   at System.Net.Security.SslState.StartReceiveBlob(Byte[] buffer, AsyncProtocolRequest asyncRequest)
   at System.Net.Security.SslState.CheckCompletionBeforeNextReceive(ProtocolToken message, AsyncProtocolRequest asyncRequest)
   at System.Net.Security.SslState.StartSendBlob(Byte[] incoming, Int32 count, AsyncProtocolRequest asyncRequest)
   at System.Net.Security.SslState.ForceAuthentication(Boolean receiveFirst, Byte[] buffer, AsyncProtocolRequest asyncRequest)
   at System.Net.Security.SslState.ProcessAuthentication(LazyAsyncResult lazyResult)
   at System.Net.TlsStream.CallProcessAuthentication(Object state)
   at System.Threading.ExecutionContext.Run(ExecutionContext executionContext, ContextCallback callback, Object state)
   at System.Net.TlsStream.ProcessAuthentication(LazyAsyncResult result)
   at System.Net.TlsStream.Write(Byte[] buffer, Int32 offset, Int32 size)
   at System.Net.PooledStream.Write(Byte[] buffer, Int32 offset, Int32 size)
   at System.Net.ConnectStream.WriteHeaders(Boolean async)

=== handled error ===
Occured when: ResourceFetcher.Download classic jar
System.Net.WebException: The remote name could not be resolved: 'piston-data.mojang.com'
   at System.Net.HttpWebRequest.GetResponse()
   at ClassicalSharp.Network.AsyncDownloader.ProcessRequest(Request request) in C:\Users\Dell\Desktop\Sebastian\C-sharp\ClassicalSharp-Survival\ClassicalSharp\Network\Utils\AsyncDownloader.cs:line 236

=== handled error ===
Occured when: ResourceFetcher.Download classic jar
System.Net.WebException: The underlying connection was closed: An unexpected error occurred on a send.
   at System.Net.HttpWebRequest.GetResponse()
   at ClassicalSharp.Network.AsyncDownloader.ProcessRequest(Request request) in C:\Users\Dell\Desktop\Sebastian\C-sharp\ClassicalSharp-Survival\ClassicalSharp\Network\Utils\AsyncDownloader.cs:line 237
System.IO.IOException: Received an unexpected EOF or 0 bytes from the transport stream.
   at System.Net.FixedSizeReader.ReadPacket(Byte[] buffer, Int32 offset, Int32 count)
   at System.Net.Security.SslState.StartReadFrame(Byte[] buffer, Int32 readBytes, AsyncProtocolRequest asyncRequest)
   at System.Net.Security.SslState.StartReceiveBlob(Byte[] buffer, AsyncProtocolRequest asyncRequest)
   at System.Net.Security.SslState.CheckCompletionBeforeNextReceive(ProtocolToken message, AsyncProtocolRequest asyncRequest)
   at System.Net.Security.SslState.StartSendBlob(Byte[] incoming, Int32 count, AsyncProtocolRequest asyncRequest)
   at System.Net.Security.SslState.ForceAuthentication(Boolean receiveFirst, Byte[] buffer, AsyncProtocolRequest asyncRequest)
   at System.Net.Security.SslState.ProcessAuthentication(LazyAsyncResult lazyResult)
   at System.Net.TlsStream.CallProcessAuthentication(Object state)
   at System.Threading.ExecutionContext.Run(ExecutionContext executionContext, ContextCallback callback, Object state)
   at System.Net.TlsStream.ProcessAuthentication(LazyAsyncResult result)
   at System.Net.TlsStream.Write(Byte[] buffer, Int32 offset, Int32 size)
   at System.Net.PooledStream.Write(Byte[] buffer, Int32 offset, Int32 size)
   at System.Net.ConnectStream.WriteHeaders(Boolean async)

=== handled error ===
Occured when: ResourceFetcher.Download classic jar
System.Net.WebException: The underlying connection was closed: An unexpected error occurred on a send.
   at System.Net.HttpWebRequest.GetResponse()
   at ClassicalSharp.Network.AsyncDownloader.ProcessRequest(Request request) in C:\Users\Dell\Desktop\Sebastian\C-sharp\ClassicalSharp-Survival\ClassicalSharp\Network\Utils\AsyncDownloader.cs:line 241
System.IO.IOException: Received an unexpected EOF or 0 bytes from the transport stream.
   at System.Net.FixedSizeReader.ReadPacket(Byte[] buffer, Int32 offset, Int32 count)
   at System.Net.Security.SslState.StartReadFrame(Byte[] buffer, Int32 readBytes, AsyncProtocolRequest asyncRequest)
   at System.Net.Security.SslState.StartReceiveBlob(Byte[] buffer, AsyncProtocolRequest asyncRequest)
   at System.Net.Security.SslState.CheckCompletionBeforeNextReceive(ProtocolToken message, AsyncProtocolRequest asyncRequest)
   at System.Net.Security.SslState.StartSendBlob(Byte[] incoming, Int32 count, AsyncProtocolRequest asyncRequest)
   at System.Net.Security.SslState.ForceAuthentication(Boolean receiveFirst, Byte[] buffer, AsyncProtocolRequest asyncRequest)
   at System.Net.Security.SslState.ProcessAuthentication(LazyAsyncResult lazyResult)
   at System.Net.TlsStream.CallProcessAuthentication(Object state)
   at System.Threading.ExecutionContext.Run(ExecutionContext executionContext, ContextCallback callback, Object state)
   at System.Net.TlsStream.ProcessAuthentication(LazyAsyncResult result)
   at System.Net.TlsStream.Write(Byte[] buffer, Int32 offset, Int32 size)
   at System.Net.PooledStream.Write(Byte[] buffer, Int32 offset, Int32 size)
   at System.Net.ConnectStream.WriteHeaders(Boolean async)

=== handled error ===
Occured when: ResourceFetcher.Download classic jar
System.Net.WebException: The underlying connection was closed: An unexpected error occurred on a send.
   at System.Net.HttpWebRequest.GetResponse()
   at ClassicalSharp.Network.AsyncDownloader.ProcessRequest(Request request) in C:\Users\Dell\Desktop\Sebastian\C-sharp\ClassicalSharp-Survival\ClassicalSharp\Network\Utils\AsyncDownloader.cs:line 239
System.IO.IOException: Received an unexpected EOF or 0 bytes from the transport stream.
   at System.Net.FixedSizeReader.ReadPacket(Byte[] buffer, Int32 offset, Int32 count)
   at System.Net.Security.SslState.StartReadFrame(Byte[] buffer, Int32 readBytes, AsyncProtocolRequest asyncRequest)
   at System.Net.Security.SslState.StartReceiveBlob(Byte[] buffer, AsyncProtocolRequest asyncRequest)
   at System.Net.Security.SslState.CheckCompletionBeforeNextReceive(ProtocolToken message, AsyncProtocolRequest asyncRequest)
   at System.Net.Security.SslState.StartSendBlob(Byte[] incoming, Int32 count, AsyncProtocolRequest asyncRequest)
   at System.Net.Security.SslState.ForceAuthentication(Boolean receiveFirst, Byte[] buffer, AsyncProtocolRequest asyncRequest)
   at System.Net.Security.SslState.ProcessAuthentication(LazyAsyncResult lazyResult)
   at System.Net.TlsStream.CallProcessAuthentication(Object state)
   at System.Threading.ExecutionContext.Run(ExecutionContext executionContext, ContextCallback callback, Object state)
   at System.Net.TlsStream.ProcessAuthentication(LazyAsyncResult result)
   at System.Net.TlsStream.Write(Byte[] buffer, Int32 offset, Int32 size)
   at System.Net.PooledStream.Write(Byte[] buffer, Int32 offset, Int32 size)
   at System.Net.ConnectStream.WriteHeaders(Boolean async)

=== handled error ===
Occured when: ResourceFetcher.Download classic jar
System.Net.WebException: The underlying connection was closed: An unexpected error occurred on a send.
   at System.Net.HttpWebRequest.GetResponse()
   at ClassicalSharp.Network.AsyncDownloader.ProcessRequest(Request request) in C:\Users\Dell\Desktop\Sebastian\C-sharp\ClassicalSharp-Survival\ClassicalSharp\Network\Utils\AsyncDownloader.cs:line 239
System.IO.IOException: Received an unexpected EOF or 0 bytes from the transport stream.
   at System.Net.FixedSizeReader.ReadPacket(Byte[] buffer, Int32 offset, Int32 count)
   at System.Net.Security.SslState.StartReadFrame(Byte[] buffer, Int32 readBytes, AsyncProtocolRequest asyncRequest)
   at System.Net.Security.SslState.StartReceiveBlob(Byte[] buffer, AsyncProtocolRequest asyncRequest)
   at System.Net.Security.SslState.CheckCompletionBeforeNextReceive(ProtocolToken message, AsyncProtocolRequest asyncRequest)
   at System.Net.Security.SslState.StartSendBlob(Byte[] incoming, Int32 count, AsyncProtocolRequest asyncRequest)
   at System.Net.Security.SslState.ForceAuthentication(Boolean receiveFirst, Byte[] buffer, AsyncProtocolRequest asyncRequest)
   at System.Net.Security.SslState.ProcessAuthentication(LazyAsyncResult lazyResult)
   at System.Net.TlsStream.CallProcessAuthentication(Object state)
   at System.Threading.ExecutionContext.Run(ExecutionContext executionContext, ContextCallback callback, Object state)
   at System.Net.TlsStream.ProcessAuthentication(LazyAsyncResult result)
   at System.Net.TlsStream.Write(Byte[] buffer, Int32 offset, Int32 size)
   at System.Net.PooledStream.Write(Byte[] buffer, Int32 offset, Int32 size)
   at System.Net.ConnectStream.WriteHeaders(Boolean async)

=== handled error ===
Occured when: ResourceFetcher.Download classic jar
System.Net.WebException: The underlying connection was closed: An unexpected error occurred on a send.
   at System.Net.HttpWebRequest.GetResponse()
   at ClassicalSharp.Network.AsyncDownloader.ProcessRequest(Request request) in C:\Users\Dell\Desktop\Sebastian\C-sharp\ClassicalSharp-Survival\ClassicalSharp\Network\Utils\AsyncDownloader.cs:line 239
System.IO.IOException: Received an unexpected EOF or 0 bytes from the transport stream.
   at System.Net.FixedSizeReader.ReadPacket(Byte[] buffer, Int32 offset, Int32 count)
   at System.Net.Security.SslState.StartReadFrame(Byte[] buffer, Int32 readBytes, AsyncProtocolRequest asyncRequest)
   at System.Net.Security.SslState.StartReceiveBlob(Byte[] buffer, AsyncProtocolRequest asyncRequest)
   at System.Net.Security.SslState.CheckCompletionBeforeNextReceive(ProtocolToken message, AsyncProtocolRequest asyncRequest)
   at System.Net.Security.SslState.StartSendBlob(Byte[] incoming, Int32 count, AsyncProtocolRequest asyncRequest)
   at System.Net.Security.SslState.ForceAuthentication(Boolean receiveFirst, Byte[] buffer, AsyncProtocolRequest asyncRequest)
   at System.Net.Security.SslState.ProcessAuthentication(LazyAsyncResult lazyResult)
   at System.Net.TlsStream.CallProcessAuthentication(Object state)
   at System.Threading.ExecutionContext.Run(ExecutionContext executionContext, ContextCallback callback, Object state)
   at System.Net.TlsStream.ProcessAuthentication(LazyAsyncResult result)
   at System.Net.TlsStream.Write(Byte[] buffer, Int32 offset, Int32 size)
   at System.Net.PooledStream.Write(Byte[] buffer, Int32 offset, Int32 size)
   at System.Net.ConnectStream.WriteHeaders(Boolean async)

=== handled error ===
Occured when: ResourceFetcher.Download classic jar
System.Net.WebException: The underlying connection was closed: An unexpected error occurred on a send.
   at System.Net.HttpWebRequest.GetResponse()
   at ClassicalSharp.Network.AsyncDownloader.ProcessRequest(Request request) in C:\Users\Dell\Desktop\Sebastian\C-sharp\ClassicalSharp-Survival\ClassicalSharp\Network\Utils\AsyncDownloader.cs:line 239
System.IO.IOException: Received an unexpected EOF or 0 bytes from the transport stream.
   at System.Net.FixedSizeReader.ReadPacket(Byte[] buffer, Int32 offset, Int32 count)
   at System.Net.Security.SslState.StartReadFrame(Byte[] buffer, Int32 readBytes, AsyncProtocolRequest asyncRequest)
   at System.Net.Security.SslState.StartReceiveBlob(Byte[] buffer, AsyncProtocolRequest asyncRequest)
   at System.Net.Security.SslState.CheckCompletionBeforeNextReceive(ProtocolToken message, AsyncProtocolRequest asyncRequest)
   at System.Net.Security.SslState.StartSendBlob(Byte[] incoming, Int32 count, AsyncProtocolRequest asyncRequest)
   at System.Net.Security.SslState.ForceAuthentication(Boolean receiveFirst, Byte[] buffer, AsyncProtocolRequest asyncRequest)
   at System.Net.Security.SslState.ProcessAuthentication(LazyAsyncResult lazyResult)
   at System.Net.TlsStream.CallProcessAuthentication(Object state)
   at System.Threading.ExecutionContext.Run(ExecutionContext executionContext, ContextCallback callback, Object state)
   at System.Net.TlsStream.ProcessAuthentication(LazyAsyncResult result)
   at System.Net.TlsStream.Write(Byte[] buffer, Int32 offset, Int32 size)
   at System.Net.PooledStream.Write(Byte[] buffer, Int32 offset, Int32 size)
   at System.Net.ConnectStream.WriteHeaders(Boolean async)

=== handled error ===
Occured when: ResourceFetcher.Download classic jar
System.Net.WebException: The underlying connection was closed: An unexpected error occurred on a send.
   at System.Net.HttpWebRequest.GetResponse()
   at ClassicalSharp.Network.AsyncDownloader.ProcessRequest(Request request) in C:\Users\Dell\Desktop\Sebastian\C-sharp\ClassicalSharp-Survival\ClassicalSharp\Network\Utils\AsyncDownloader.cs:line 239
System.IO.IOException: Received an unexpected EOF or 0 bytes from the transport stream.
   at System.Net.FixedSizeReader.ReadPacket(Byte[] buffer, Int32 offset, Int32 count)
   at System.Net.Security.SslState.StartReadFrame(Byte[] buffer, Int32 readBytes, AsyncProtocolRequest asyncRequest)
   at System.Net.Security.SslState.StartReceiveBlob(Byte[] buffer, AsyncProtocolRequest asyncRequest)
   at System.Net.Security.SslState.CheckCompletionBeforeNextReceive(ProtocolToken message, AsyncProtocolRequest asyncRequest)
   at System.Net.Security.SslState.StartSendBlob(Byte[] incoming, Int32 count, AsyncProtocolRequest asyncRequest)
   at System.Net.Security.SslState.ForceAuthentication(Boolean receiveFirst, Byte[] buffer, AsyncProtocolRequest asyncRequest)
   at System.Net.Security.SslState.ProcessAuthentication(LazyAsyncResult lazyResult)
   at System.Net.TlsStream.CallProcessAuthentication(Object state)
   at System.Threading.ExecutionContext.Run(ExecutionContext executionContext, ContextCallback callback, Object state)
   at System.Net.TlsStream.ProcessAuthentication(LazyAsyncResult result)
   at System.Net.TlsStream.Write(Byte[] buffer, Int32 offset, Int32 size)
   at System.Net.PooledStream.Write(Byte[] buffer, Int32 offset, Int32 size)
   at System.Net.ConnectStream.WriteHeaders(Boolean async)

